2024-12-11 12:55:03,892 - INFO - [测试模式]卖出 - 代码:110095.SH(双良转债) - 数量:10 - 市价 - 状态:测试模式
2024-12-11 12:55:03,894 - INFO - [测试模式]买入 - 代码:128127.SZ(文科转债) - 数量:260 - 市价 - 状态:测试模式
2024-12-11 12:55:03,894 - INFO - [测试模式]买入 - 代码:113532.SH(海环转债) - 数量:270 - 市价 - 状态:测试模式
2024-12-11 12:55:03,895 - INFO - [测试模式]买入 - 代码:113044.SH(大秦转债) - 数量:270 - 市价 - 状态:测试模式
2024-12-11 12:55:03,895 - INFO - [测试模式]买入 - 代码:127033.SZ(中装转2) - 数量:270 - 市价 - 状态:测试模式
2024-12-11 12:55:04,043 - INFO - [测试模式]卖出 - 代码:204001.SH(204001.SH) - 数量:700 - 市价 - 状态:测试模式
2024-12-11 12:55:55,314 - INFO - [测试模式]卖出 - 代码:110095.SH(双良转债) - 数量:10 - 市价 - 状态:测试模式
2024-12-11 12:55:55,315 - INFO - [测试模式]买入 - 代码:128127.SZ(文科转债) - 数量:260 - 市价 - 状态:测试模式
2024-12-11 12:55:55,315 - INFO - [测试模式]买入 - 代码:127033.SZ(中装转2) - 数量:270 - 市价 - 状态:测试模式
2024-12-11 12:55:55,316 - INFO - [测试模式]买入 - 代码:113044.SH(大秦转债) - 数量:270 - 市价 - 状态:测试模式
2024-12-11 12:55:55,316 - INFO - [测试模式]买入 - 代码:113532.SH(海环转债) - 数量:270 - 市价 - 状态:测试模式
2024-12-11 12:55:55,455 - INFO - [测试模式]卖出 - 代码:204001.SH(204001.SH) - 数量:700 - 市价 - 状态:测试模式
2024-12-11 13:01:46,116 - INFO - [测试模式]卖出 - 代码:110095.SH(双良转债) - 数量:10 - 市价 - 状态:测试模式
2024-12-11 13:01:46,120 - INFO - [测试模式]买入 - 代码:110063.SH(鹰19转债) - 数量:260 - 市价 - 状态:测试模式
2024-12-11 13:01:46,120 - INFO - [测试模式]买入 - 代码:113532.SH(海环转债) - 数量:270 - 市价 - 状态:测试模式
2024-12-11 13:01:46,120 - INFO - [测试模式]买入 - 代码:127033.SZ(中装转2) - 数量:270 - 市价 - 状态:测试模式
2024-12-11 13:01:46,120 - INFO - [测试模式]买入 - 代码:113044.SH(大秦转债) - 数量:270 - 市价 - 状态:测试模式
2024-12-11 13:01:47,291 - INFO - [测试模式]卖出 - 代码:204001.SH(204001.SH) - 数量:700 - 市价 - 状态:测试模式
2024-12-11 13:04:46 | INFO     | 开始初始化电源设置...
2024-12-11 13:04:46 | INFO     | 开始初始化电源设置...
2024-12-11 13:04:46 | INFO     | 开始设置Windows电源选项...
2024-12-11 13:04:46 | INFO     | 设置显示器超时时间...
2024-12-11 13:04:46 | INFO     | AC电源显示器超时设置结果: 
2024-12-11 13:04:46 | INFO     | DC电源显示器超时设置结果: 
2024-12-11 13:04:46 | INFO     | 禁用系统休眠...
2024-12-11 13:04:46 | INFO     | 电源命令 powercfg /change standby-timeout-ac 0 执行结果: 
2024-12-11 13:04:46 | INFO     | 电源命令 powercfg /change standby-timeout-dc 0 执行结果: 
2024-12-11 13:04:46 | INFO     | 电源命令 powercfg /change hibernate-timeout-ac 0 执行结果: 
2024-12-11 13:04:46 | INFO     | 电源命令 powercfg /change hibernate-timeout-dc 0 执行结果: 
2024-12-11 13:04:46 | INFO     | 设置系统保持唤醒状态...
2024-12-11 13:04:46 | INFO     | 系统唤醒状态设置结果: -2147483648
2024-12-11 13:04:46 | INFO     | Windows电源设置已完成
2024-12-11 13:04:46 | INFO     | 尝试立即关闭显示器...
2024-12-11 13:04:46 | INFO     | 正在尝试关闭显示器...
2024-12-11 13:04:46 | INFO     | 显示器关闭命令已发送
2024-12-11 13:04:48 | INFO     | 电源设置初始化完成
2024-12-11 13:04:48 | INFO     | 电源设置初始化完成
2024-12-11 13:04:49 | INFO     | 可转债名称:欧通转债, 价格:188.47, 剩余时间:5.56年, 换手率:56.37%
2024-12-11 13:04:49 | INFO     | 可转债名称:佳禾转债, 价格:145.52, 剩余时间:5.07年, 换手率:91.32%
2024-12-11 13:04:49 | INFO     | 可转债名称:Z斯转债, 价格:264.48, 剩余时间:nan年, 换手率:1143.09%
2024-12-11 13:04:49 | INFO     | 成功保存4701条换手率数据，日期：2024-12-11
2024-12-11 13:04:49 | INFO     | [测试模式]卖出 - 代码:110095.SH(双良转债) - 数量:10 - 市价 - 状态:测试模式
2024-12-11 13:04:49 | INFO     | [测试模式]买入 - 代码:110063.SH(鹰19转债) - 数量:260 - 市价 - 状态:测试模式
2024-12-11 13:04:49 | INFO     | [测试模式]买入 - 代码:113044.SH(大秦转债) - 数量:270 - 市价 - 状态:测试模式
2024-12-11 13:04:49 | INFO     | [测试模式]买入 - 代码:113532.SH(海环转债) - 数量:270 - 市价 - 状态:测试模式
2024-12-11 13:04:49 | INFO     | [测试模式]买入 - 代码:127033.SZ(中装转2) - 数量:270 - 市价 - 状态:测试模式
2024-12-11 13:04:49 | INFO     | 交易完成，准备关闭显示器...
2024-12-11 13:04:49 | INFO     | 正在尝试关闭显示器...
2024-12-11 13:04:49 | INFO     | 显示器关闭命令已发送
2024-12-11 13:04:50 | INFO     | [测试模式]卖出 - 代码:204001.SH(204001.SH) - 数量:700 - 市价 - 状态:测试模式
2024-12-11 13:04:51 | INFO     | 可转债名称:欧通转债, 价格:188.41, 剩余时间:5.56年, 换手率:56.43%
2024-12-11 13:04:51 | INFO     | 可转债名称:佳禾转债, 价格:145.42, 剩余时间:5.07年, 换手率:91.38%
2024-12-11 13:04:51 | INFO     | 可转债名称:Z斯转债, 价格:264.30, 剩余时间:nan年, 换手率:1143.41%
2024-12-11 13:04:51 | INFO     | 成功保存4701条换手率数据，日期：2024-12-11
