2025-02-12 14:44:01 | INFO     | 可转债名称:英搏转债, 价格:203.19, 剩余时间:5.70年, 换手率:129.76%
2025-02-12 14:44:01 | INFO     | 可转债名称:锋龙转债, 价格:126.95, 剩余时间:nan年, 换手率:156.58%
2025-02-12 14:44:01 | INFO     | 可转债名称:迪贝转债, 价格:137.95, 剩余时间:nan年, 换手率:139.69%
2025-02-12 14:44:01 | INFO     | 成功保存20400条换手率数据，日期：2025-02-12
2025-02-12 14:44:01 | INFO     | 卖出 - 代码:113685.SH(升24转债) - 数量:160 - 市价 - 状态:已提交
2025-02-12 14:44:01 | INFO     | 买入 - 代码:113050.SH(南银转债) - 数量:80 - 市价 - 状态:已提交
2025-02-12 14:44:01 | INFO     | 买入 - 代码:110079.SH(杭银转债) - 数量:80 - 市价 - 状态:已提交
2025-02-12 14:44:01 | INFO     | 买入 - 代码:128081.SZ(海亮转债) - 数量:80 - 市价 - 状态:已提交
2025-02-12 14:44:01 | INFO     | 买入 - 代码:113033.SH(利群转债) - 数量:80 - 市价 - 状态:已提交
2025-02-12 14:44:01 | INFO     | 买入 - 代码:123243.SZ(严牌转债) - 数量:90 - 市价 - 状态:已提交
2025-02-12 14:44:01 | INFO     | 买入 - 代码:127061.SZ(美锦转债) - 数量:90 - 市价 - 状态:已提交
2025-02-12 14:44:01 | INFO     | 买入 - 代码:113629.SH(泉峰转债) - 数量:90 - 市价 - 状态:已提交
2025-02-12 14:44:01 | INFO     | 买入 - 代码:113691.SH(和邦转债) - 数量:90 - 市价 - 状态:已提交
2025-02-12 14:44:01 | INFO     | 买入 - 代码:123198.SZ(金埔转债) - 数量:90 - 市价 - 状态:已提交
2025-02-12 14:44:01 | INFO     | 买入 - 代码:118016.SH(京源转债) - 数量:250 - 市价 - 状态:已提交
2025-02-12 14:44:02 | INFO     | 交易完成，准备关闭显示器...
2025-02-12 14:50:00 | INFO     | 卖出 - 代码:204001.SH(204001.SH) - 数量:2570 - 市价 - 状态:已提交
2025-02-12 16:00:01 | INFO     | 可转债名称:英搏转债, 价格:203.90, 剩余时间:5.70年, 换手率:134.61%
2025-02-12 16:00:01 | INFO     | 可转债名称:福新转债, 价格:306.01, 剩余时间:3.90年, 换手率:644.61%
2025-02-12 16:00:01 | INFO     | 可转债名称:锋龙转债, 价格:126.89, 剩余时间:nan年, 换手率:165.00%
2025-02-12 16:00:01 | INFO     | 成功保存20400条换手率数据，日期：2025-02-12
