2024-12-13 14:44:01 | INFO     | 可转债名称:Z通转债, 价格:137.85, 剩余时间:nan年, 换手率:919.42%
2024-12-13 14:44:01 | INFO     | 可转债名称:Z模转2, 价格:168.25, 剩余时间:nan年, 换手率:950.33%
2024-12-13 14:44:01 | INFO     | 可转债名称:宏柏转债, 价格:128.73, 剩余时间:5.34年, 换手率:30.75%
2024-12-13 14:44:01 | INFO     | 成功保存5736条换手率数据，日期：2024-12-13
2024-12-13 14:44:01 | INFO     | 卖出 - 代码:110095.SH(双良转债) - 数量:260 - 市价 - 状态:已提交
2024-12-13 14:44:01 | INFO     | 卖出 - 代码:113068.SH(金铜转债) - 数量:10 - 市价 - 状态:已提交
2024-12-13 14:44:01 | INFO     | 卖出 - 代码:113044.SH(大秦转债) - 数量:10 - 市价 - 状态:已提交
2024-12-13 14:44:01 | INFO     | 卖出 - 代码:123056.SZ(雪榕转债) - 数量:10 - 市价 - 状态:已提交
2024-12-13 14:44:01 | INFO     | 买入 - 代码:123207.SZ(冠中转债) - 数量:260 - 市价 - 状态:已提交
2024-12-13 14:44:01 | INFO     | 买入 - 代码:128066.SZ(亚泰转债) - 数量:260 - 市价 - 状态:已提交
2024-12-13 14:44:01 | INFO     | 买入 - 代码:110063.SH(鹰19转债) - 数量:260 - 市价 - 状态:已提交
2024-12-13 14:44:01 | INFO     | 买入 - 代码:113532.SH(海环转债) - 数量:260 - 市价 - 状态:已提交
2024-12-13 14:44:01 | INFO     | 交易完成，准备关闭显示器...
2024-12-13 14:44:01 | INFO     | 正在尝试关闭显示器...
2024-12-13 14:44:01 | INFO     | 显示器关闭命令已发送
2024-12-13 14:50:00 | INFO     | 卖出 - 代码:204001.SH(204001.SH) - 数量:470 - 市价 - 状态:已提交
2024-12-13 16:00:01 | INFO     | 可转债名称:欧通转债, 价格:185.01, 剩余时间:5.56年, 换手率:33.35%
2024-12-13 16:00:01 | INFO     | 可转债名称:Z模转2, 价格:168.84, 剩余时间:nan年, 换手率:991.97%
2024-12-13 16:00:01 | INFO     | 可转债名称:Z瞳转债, 价格:155.42, 剩余时间:nan年, 换手率:595.38%
2024-12-13 16:00:01 | INFO     | 成功保存5736条换手率数据，日期：2024-12-13
